13:52:41.498 INFO      TOPAZ            ***************************************
13:52:41.498 INFO      TOPAZ            ** Execution from Topaz with options **
13:52:41.499 INFO      TOPAZ            ***************************************
13:52:41.499 INFO      TOPAZ            Using repository: false
13:52:41.499 INFO      TOPAZ            ***************************************
13:52:41.499 INFO      Engine           Test Scenario execution started
13:52:41.500 INFO      Engine           Using context settings:
  Engine Version                : 20.13.1.v20221223-1346_92
  Environment id                : 3733a884-8048-4e92-a5dc-22fee13c3d54
  Environment type              : Batch
  Operating system              : ZOS
  zOS agent version             : NEWEST
  Server address                : 198.147.191.81
  Server port                   : 16196
  Job execution timeout seconds : 600
  Job info interval seconds     : 3
  Socket read timeout           : 30
  Encoding                      : ISO8859-1
  Codepage                      : 1047
  Host user Id                  : HBOYXN0
  Use Repository Server         : false
  Account Information           : 
  Dataset High Level Qualifier  : 
13:52:41.500 INFO      Engine           Setting variables from context and context data extensions
13:52:41.500 INFO      Engine             id: environmentId      value: 3733a884-8048-4e92-a5dc-22fee13c3d54
13:52:41.500 INFO      Engine             id: environmentType    value: BATCH
13:52:41.500 INFO      Engine             id: userId             value: HBOYXN0
13:52:41.501 INFO      Engine             id: accountingInfo     value: 
13:52:41.501 INFO      Engine             id: datasetHQL         value: 
13:52:41.501 INFO      Unittest         Interpreting Unittest of module: CWXTCOB testscenario path: CWXTCOB_Scenario.testscenario
13:52:41.505 INFO      Unittest         Using JCL skeleton to submit JCL
13:52:44.035 INFO      CWCC - Demo System Sending Job execution request to Host 
13:52:49.139 INFO      CWCC - Demo System Job execution completed with status:
  Job status     : COMPLETED
  Job status msg : Job HBOYXN0A(J0358507) ended with return code: 0000
  Job name       : HBOYXN0A
  Job id         : J0358507
  Return code    : 0000
  Abend code     : 
  Abend reason   : 
13:52:50.115 INFO      Unittest         Execution completed
13:52:50.115 INFO      Engine           Test Scenario execution ended
