10:06:43.682 INFO      TOPAZ            ***************************************
10:06:43.683 INFO      TOPAZ            ** Execution from Topaz with options **
10:06:43.683 INFO      TOPAZ            ***************************************
10:06:43.683 INFO      TOPAZ            Using repository: false
10:06:43.684 INFO      TOPAZ            ***************************************
10:06:43.684 INFO      Engine           Test Scenario execution started
10:06:43.684 INFO      Engine           Using context settings:
  Engine Version                : 20.13.1.v20221223-1346_92
  Environment id                : 3733a884-8048-4e92-a5dc-22fee13c3d54
  Environment type              : Batch
  Operating system              : ZOS
  zOS agent version             : NEWEST
  Server address                : 198.147.191.81
  Server port                   : 16196
  Job execution timeout seconds : 600
  Job info interval seconds     : 3
  Socket read timeout           : 30
  Encoding                      : ISO8859-1
  Codepage                      : 1047
  Host user Id                  : HBOYXN0
  Use Repository Server         : false
  Account Information           : 
  Dataset High Level Qualifier  : 
10:06:43.684 INFO      Engine           Setting variables from context and context data extensions
10:06:43.685 INFO      Engine             id: environmentId      value: 3733a884-8048-4e92-a5dc-22fee13c3d54
10:06:43.685 INFO      Engine             id: environmentType    value: BATCH
10:06:43.685 INFO      Engine             id: userId             value: HBOYXN0
10:06:43.685 INFO      Engine             id: accountingInfo     value: 
10:06:43.685 INFO      Engine             id: datasetHQL         value: 
10:06:43.685 INFO      Unittest         Interpreting Unittest of module: CWKTVSKS testscenario path: CWKTVSKS_Scenario.testscenario
10:06:43.692 INFO      Unittest         Using JCL skeleton to submit JCL
10:06:50.867 INFO      CWCC - Demo System Sending Job execution request to Host 
10:06:56.630 INFO      CWCC - Demo System Job execution completed with status:
  Job status     : COMPLETED
  Job status msg : Job HBOYXN0A(J0359233) ended with return code: 0000
  Job name       : HBOYXN0A
  Job id         : J0359233
  Return code    : 0000
  Abend code     : 
  Abend reason   : 
10:06:59.040 INFO      Unittest         Execution completed
10:06:59.040 INFO      Engine           Test Scenario execution ended
